nohup: ignoring input
/home/cis/Documents/Lucifer/RUD/demo/backend/main.py:38: DeprecationWarning: 
        on_event is deprecated, use lifespan event handlers instead.

        Read more about it in the
        [FastAPI docs for Lifespan Events](https://fastapi.tiangolo.com/advanced/events/).
        
  @app.on_event("startup")
INFO:     Started server process [20381]
INFO:     Waiting for application startup.
INFO:     Application startup complete.
ERROR:    [Errno 98] error while attempting to bind on address ('0.0.0.0', 8000): address already in use
INFO:     Waiting for application shutdown.
INFO:     Application shutdown complete.
✅ Database tables created successfully
✅ Database initialized!
⚠️  ChatBot initialization warning: GROQ_API_KEY environment variable not set
   Chat feature will be unavailable until GROQ_API_KEY is set
✅ RUD Demo initialized!
   Users: 500
   Risk flags in DB: 653
   Recovery actions in DB: 204
